0 info it worked if it ends with ok
1 verbose cli [ '/usr/local/bin/node',
1 verbose cli   '/usr/local/bin/npm',
1 verbose cli   'update',
1 verbose cli   '-g',
1 verbose cli   'bower' ]
2 info using npm@1.4.14
3 info using node@v0.10.29
4 verbose url raw bower
5 verbose url resolving [ 'https://registry.npmjs.org/', './bower' ]
6 verbose url resolved https://registry.npmjs.org/bower
7 info trying registry request attempt 1 at 10:34:09
8 http GET https://registry.npmjs.org/bower
9 http 200 https://registry.npmjs.org/bower
10 silly registry.get cb [ 200,
10 silly registry.get   { date: 'Fri, 11 Jul 2014 14:34:09 GMT',
10 silly registry.get     server: 'CouchDB/1.5.0 (Erlang OTP/R16B03)',
10 silly registry.get     etag: '"1XPUKEPQTZKBL4EZGR44S5ZFI"',
10 silly registry.get     'content-type': 'application/json',
10 silly registry.get     'cache-control': 'max-age=30',
10 silly registry.get     'content-length': '105343',
10 silly registry.get     'accept-ranges': 'bytes',
10 silly registry.get     via: '1.1 varnish',
10 silly registry.get     age: '295',
10 silly registry.get     'x-served-by': 'cache-iad2120-IAD',
10 silly registry.get     'x-cache': 'HIT',
10 silly registry.get     'x-cache-hits': '1',
10 silly registry.get     'x-timer': 'S1405089249.808496,VS0,VE0',
10 silly registry.get     vary: 'Accept',
10 silly registry.get     'keep-alive': 'timeout=10, max=50',
10 silly registry.get     connection: 'Keep-Alive' } ]
11 info outdated updating [ [ '/usr/local/lib', 'bower', '1.3.5', '1.3.7', '1.3.7', '*' ] ]
12 verbose install where,what [ '/usr/local/lib', [ 'bower@1.3.7' ] ]
13 verbose cache add [ 'bower@1.3.7', null ]
14 verbose cache add name=undefined spec="bower@1.3.7" args=["bower@1.3.7",null]
15 verbose parsed url { protocol: null,
15 verbose parsed url   slashes: null,
15 verbose parsed url   auth: null,
15 verbose parsed url   host: null,
15 verbose parsed url   port: null,
15 verbose parsed url   hostname: null,
15 verbose parsed url   hash: null,
15 verbose parsed url   search: null,
15 verbose parsed url   query: null,
15 verbose parsed url   pathname: 'bower@1.3.7',
15 verbose parsed url   path: 'bower@1.3.7',
15 verbose parsed url   href: 'bower@1.3.7' }
16 verbose cache add name="bower" spec="1.3.7" args=["bower","1.3.7"]
17 verbose parsed url { protocol: null,
17 verbose parsed url   slashes: null,
17 verbose parsed url   auth: null,
17 verbose parsed url   host: null,
17 verbose parsed url   port: null,
17 verbose parsed url   hostname: null,
17 verbose parsed url   hash: null,
17 verbose parsed url   search: null,
17 verbose parsed url   query: null,
17 verbose parsed url   pathname: '1.3.7',
17 verbose parsed url   path: '1.3.7',
17 verbose parsed url   href: '1.3.7' }
18 verbose addNamed [ 'bower', '1.3.7' ]
19 verbose addNamed [ '1.3.7', '1.3.7' ]
20 silly lockFile 6e65032a-bower-1-3-7 bower@1.3.7
21 verbose lock bower@1.3.7 /TOIL-U3/zgreen/.npm/6e65032a-bower-1-3-7.lock
22 verbose registry.get bower not expired, no request
23 silly lockFile 080c68d5--npmjs-org-bower-bower-1-3-7-tgz https://registry.npmjs.org/bower/-/bower-1.3.7.tgz
24 verbose lock https://registry.npmjs.org/bower/-/bower-1.3.7.tgz /TOIL-U3/zgreen/.npm/080c68d5--npmjs-org-bower-bower-1-3-7-tgz.lock
25 verbose addRemoteTarball [ 'https://registry.npmjs.org/bower/-/bower-1.3.7.tgz',
25 verbose addRemoteTarball   '498c3112c26d69eec3e17f00f760bccd7e4ac004' ]
26 info retry fetch attempt 1 at 10:34:10
27 verbose fetch to= /TOIL-U3/zgreen/tmp/npm-5320-0T9XYG2D/registry.npmjs.org/bower/-/bower-1.3.7.tgz
28 http GET https://registry.npmjs.org/bower/-/bower-1.3.7.tgz
29 http 200 https://registry.npmjs.org/bower/-/bower-1.3.7.tgz
30 silly lockFile 080c68d5--npmjs-org-bower-bower-1-3-7-tgz https://registry.npmjs.org/bower/-/bower-1.3.7.tgz
31 silly lockFile 080c68d5--npmjs-org-bower-bower-1-3-7-tgz https://registry.npmjs.org/bower/-/bower-1.3.7.tgz
32 silly lockFile 6e65032a-bower-1-3-7 bower@1.3.7
33 silly lockFile 6e65032a-bower-1-3-7 bower@1.3.7
34 silly resolved [ { name: 'bower',
34 silly resolved     version: '1.3.7',
34 silly resolved     description: 'The browser package manager',
34 silly resolved     author: { name: 'Twitter' },
34 silly resolved     licenses: [ [Object] ],
34 silly resolved     repository: { type: 'git', url: 'git://github.com/bower/bower' },
34 silly resolved     main: 'lib',
34 silly resolved     homepage: 'http://bower.io',
34 silly resolved     engines: { node: '>=0.10.0' },
34 silly resolved     dependencies:
34 silly resolved      { abbrev: '~1.0.4',
34 silly resolved        archy: '~0.0.2',
34 silly resolved        'bower-config': '~0.5.2',
34 silly resolved        'bower-endpoint-parser': '~0.2.2',
34 silly resolved        'bower-json': '~0.4.0',
34 silly resolved        'bower-logger': '~0.2.2',
34 silly resolved        'bower-registry-client': '~0.2.0',
34 silly resolved        cardinal: '~0.4.0',
34 silly resolved        chalk: '~0.4.0',
34 silly resolved        chmodr: '~0.1.0',
34 silly resolved        'decompress-zip': '~0.0.6',
34 silly resolved        fstream: '~0.1.22',
34 silly resolved        'fstream-ignore': '~0.0.6',
34 silly resolved        glob: '~4.0.2',
34 silly resolved        'graceful-fs': '~3.0.1',
34 silly resolved        handlebars: '~1.3.0',
34 silly resolved        inquirer: '~0.5.1',
34 silly resolved        insight: '~0.3.0',
34 silly resolved        'is-root': '~0.1.0',
34 silly resolved        junk: '~0.3.0',
34 silly resolved        lockfile: '~0.4.2',
34 silly resolved        'lru-cache': '~2.5.0',
34 silly resolved        mkdirp: '~0.5.0',
34 silly resolved        mout: '~0.9.1',
34 silly resolved        nopt: '~3.0.0',
34 silly resolved        opn: '~0.1.1',
34 silly resolved        osenv: '~0.1.0',
34 silly resolved        'p-throttler': '~0.0.1',
34 silly resolved        promptly: '~0.2.0',
34 silly resolved        q: '~1.0.1',
34 silly resolved        request: '~2.36.0',
34 silly resolved        'request-progress': '~0.3.0',
34 silly resolved        retry: '~0.6.0',
34 silly resolved        rimraf: '~2.2.0',
34 silly resolved        semver: '~2.3.0',
34 silly resolved        'shell-quote': '~1.4.1',
34 silly resolved        'stringify-object': '~0.2.0',
34 silly resolved        tar: '~0.1.17',
34 silly resolved        tmp: '~0.0.23',
34 silly resolved        'update-notifier': '~0.1.8',
34 silly resolved        which: '~1.0.5' },
34 silly resolved     devDependencies:
34 silly resolved      { 'expect.js': '~0.3.1',
34 silly resolved        grunt: '~0.4.4',
34 silly resolved        'grunt-contrib-jshint': '~0.10.0',
34 silly resolved        'grunt-contrib-watch': '~0.6.1',
34 silly resolved        'grunt-exec': '~0.4.2',
34 silly resolved        'grunt-simple-mocha': '~0.4.0',
34 silly resolved        istanbul: '~0.2.4',
34 silly resolved        'load-grunt-tasks': '~0.4.0',
34 silly resolved        mocha: '~1.20.1',
34 silly resolved        nock: '~0.34.1',
34 silly resolved        proxyquire: '~1.0.1',
34 silly resolved        coveralls: '~2.10.0',
34 silly resolved        'node-uuid': '~1.4.1' },
34 silly resolved     scripts: { test: 'grunt test' },
34 silly resolved     bin: { bower: 'bin/bower' },
34 silly resolved     preferGlobal: true,
34 silly resolved     bugs: { url: 'https://github.com/bower/bower/issues' },
34 silly resolved     _id: 'bower@1.3.7',
34 silly resolved     dist:
34 silly resolved      { shasum: '498c3112c26d69eec3e17f00f760bccd7e4ac004',
34 silly resolved        tarball: 'http://registry.npmjs.org/bower/-/bower-1.3.7.tgz' },
34 silly resolved     _from: 'bower@1.3.7',
34 silly resolved     _npmVersion: '1.3.24',
34 silly resolved     _npmUser: { name: 'sheerun', email: 'sheerun@sher.pl' },
34 silly resolved     maintainers: [ [Object], [Object], [Object], [Object], [Object], [Object] ],
34 silly resolved     directories: {},
34 silly resolved     _shasum: '498c3112c26d69eec3e17f00f760bccd7e4ac004',
34 silly resolved     _resolved: 'https://registry.npmjs.org/bower/-/bower-1.3.7.tgz' } ]
35 info install bower@1.3.7 into /usr/local/lib
36 info installOne bower@1.3.7
37 info /usr/local/lib/node_modules/bower unbuild
38 info preuninstall bower@1.3.5
39 info uninstall bower@1.3.5
40 verbose true,/usr/local/lib/node_modules,/usr/local/lib/node_modules unbuild bower@1.3.5
41 verbose /usr/local/bin,[object Object] binRoot
42 info /usr/local/lib/node_modules/bower unbuild
43 info preuninstall bower@1.3.5
44 info uninstall bower@1.3.5
45 verbose true,/usr/local/lib/node_modules,/usr/local/lib/node_modules unbuild bower@1.3.5
46 verbose /usr/local/bin,[object Object] binRoot
47 error error rolling back Error: EACCES, unlink '/usr/local/bin/bower'
47 error error rolling back  bower@1.3.7 { [Error: EACCES, unlink '/usr/local/bin/bower'] errno: 3, code: 'EACCES', path: '/usr/local/bin/bower' }
48 error Error: EACCES, unlink '/usr/local/bin/bower'
48 error  { [Error: EACCES, unlink '/usr/local/bin/bower'] errno: 3, code: 'EACCES', path: '/usr/local/bin/bower' }
49 error Please try running this command again as root/Administrator.
50 error System Linux 2.6.32-431.20.3.el6.x86_64
51 error command "/usr/local/bin/node" "/usr/local/bin/npm" "update" "-g" "bower"
52 error cwd /home/zgreen/public_html/SIS/partials/hiring
53 error node -v v0.10.29
54 error npm -v 1.4.14
55 error path /usr/local/bin/bower
56 error code EACCES
57 error errno 3
58 error stack Error: EACCES, unlink '/usr/local/bin/bower'
59 verbose exit [ 3, true ]
